Terminals unused in grammar

   NUMBER
   DE
   IDE
   COMMENTLINE
   COMMENTMYLTY


State 169 conflicts: 1 shift/reduce


Grammar

    0 $accept: program $end

    1 program: stmt program
    2        | %empty

    3 stmt: expr SEMICOLON
    4     | ifstmt
    5     | whilestmt
    6     | forstmt
    7     | returnstmt
    8     | BREAK SEMICOLON
    9     | CONTINUE SEMICOLON
   10     | block
   11     | funcdef
   12     | SEMICOLON
   13     | error SEMICOLON

   14 expr: assignexpr
   15     | expr PLUS expr
   16     | expr MINUS expr
   17     | expr MUL expr
   18     | expr DIVIDE expr
   19     | expr MODULO expr
   20     | expr GT expr
   21     | expr GE expr
   22     | expr LT expr
   23     | expr LE expr
   24     | expr EQ expr
   25     | expr NE expr
   26     | expr AND M expr
   27     | expr OR M expr
   28     | term

   29 term: LEFTPARENTHESIS expr RIGHTPARENTHESIS
   30     | MINUS expr
   31     | NOT expr
   32     | PLUSx2 lvalue
   33     | lvalue PLUSx2
   34     | MINUSx2 lvalue
   35     | lvalue MINUSx2
   36     | primary

   37 $@1: %empty

   38 assignexpr: lvalue ASSIGN $@1 expr

   39 lvalue: ID
   40       | LOCAL ID
   41       | DOUBLEDOTx2 ID
   42       | tableitem

   43 tableitem: lvalue DOT ID
   44          | lvalue LEFTSB expr RIGHTSB
   45          | call DOT ID
   46          | call LEFTSB expr RIGHTSB

   47 call: call LEFTPARENTHESIS elist RIGHTPARENTHESIS
   48     | lvalue callsuffix
   49     | LEFTPARENTHESIS funcdef RIGHTPARENTHESIS LEFTPARENTHESIS elist RIGHTPARENTHESIS

   50 primary: lvalue
   51        | call
   52        | tablemake
   53        | LEFTPARENTHESIS funcdef RIGHTPARENTHESIS
   54        | const

   55 callsuffix: normcall
   56           | methodcall

   57 normcall: LEFTPARENTHESIS elist RIGHTPARENTHESIS

   58 methodcall: DOTx2 ID LEFTPARENTHESIS elist RIGHTPARENTHESIS

   59 elist: expr
   60      | elist COMMA expr
   61      | %empty

   62 tablemake: LEFTSB elist RIGHTSB
   63          | LEFTSB indexed RIGHTSB

   64 indexed: indexedelem
   65        | indexed COMMA indexedelem

   66 $@2: %empty

   67 indexedelem: LEFTB expr DOUBLEDOT $@2 expr RIGHTB

   68 block_stmt: block_stmt stmt
   69           | %empty

   70 $@3: %empty

   71 block: LEFTB $@3 block_stmt RIGHTB

   72 funcname: ID
   73         | %empty

   74 funcprefix: FUNCTION funcname

   75 $@4: %empty

   76 funcargs: LEFTPARENTHESIS $@4 idlist RIGHTPARENTHESIS

   77 funcblockstart: %empty

   78 funcblockend: %empty

   79 funcbody: funcblockstart block funcblockend

   80 funcdef: funcprefix funcargs funcbody

   81 const: INTEGER
   82      | REAL
   83      | STRING
   84      | NIL
   85      | TRUE
   86      | FALSE

   87 idlist: ID
   88       | idlist COMMA ID
   89       | %empty

   90 ifprefix: IF LEFTPARENTHESIS expr RIGHTPARENTHESIS

   91 else: ELSE

   92 $@5: %empty

   93 elsestmt: else $@5 stmt
   94         | %empty

   95 $@6: %empty

   96 $@7: %empty

   97 ifstmt: ifprefix $@6 stmt $@7 elsestmt

   98 whilestart: WHILE

   99 whilecond: LEFTPARENTHESIS expr RIGHTPARENTHESIS

  100 loopstart: %empty

  101 loopend: %empty

  102 $@8: %empty

  103 $@9: %empty

  104 loopstmt: loopstart $@8 stmt $@9 loopend

  105 whilestmt: whilestart whilecond loopstmt

  106 N: %empty

  107 M: %empty

  108 forprefix: FOR LEFTPARENTHESIS elist SEMICOLON M expr SEMICOLON

  109 forstmt: forprefix N elist RIGHTPARENTHESIS N loopstmt N

  110 $@10: %empty

  111 returnstmt: RETURN $@10 expr SEMICOLON
  112           | RETURN SEMICOLON


Terminals, with rules where they appear

$end (0) 0
error (256) 13
BREAK (258) 8
CONTINUE (259) 9
AND (260) 26
OR (261) 27
NOT (262) 31
ID (263) 39 40 41 43 45 58 72 87 88
LOCAL (264) 40
NUMBER (265)
STRING (266) 83
NIL (267) 84
TRUE (268) 85
FALSE (269) 86
IF (270) 90
ELSE (271) 91
WHILE (272) 98
FOR (273) 108
RETURN (274) 111 112
SEMICOLON (275) 3 8 9 12 13 108 111 112
FUNCTION (276) 74
DIVIDE (277) 18
DOT (278) 43 45
DOTx2 (279) 58
ASSIGN (280) 38
PLUS (281) 15
MINUS (282) 16 30
MUL (283) 17
DE (284)
IDE (285)
MODULO (286) 19
EQ (287) 24
NE (288) 25
PLUSx2 (289) 32 33
MINUSx2 (290) 34 35
GT (291) 20
LT (292) 22
GE (293) 21
LE (294) 23
LEFTB (295) 67 71
RIGHTB (296) 67 71
LEFTSB (297) 44 46 62 63
RIGHTSB (298) 44 46 62 63
LEFTPARENTHESIS (299) 29 47 49 53 57 58 76 90 99 108
RIGHTPARENTHESIS (300) 29 47 49 53 57 58 76 90 99 109
COMMA (301) 60 65 88
DOUBLEDOT (302) 67
DOUBLEDOTx2 (303) 41
COMMENTLINE (304)
COMMENTMYLTY (305)
INTEGER (306) 81
REAL (307) 82
UMINUS (308)


Nonterminals, with rules where they appear

$accept (54)
    on left: 0
program (55)
    on left: 1 2, on right: 0 1
stmt (56)
    on left: 3 4 5 6 7 8 9 10 11 12 13, on right: 1 68 93 97 104
expr (57)
    on left: 14 15 16 17 18 19 20 21 22 23 24 25 26 27 28, on right:
    3 15 16 17 18 19 20 21 22 23 24 25 26 27 29 30 31 38 44 46 59 60
    67 90 99 108 111
term (58)
    on left: 29 30 31 32 33 34 35 36, on right: 28
assignexpr (59)
    on left: 38, on right: 14
$@1 (60)
    on left: 37, on right: 38
lvalue (61)
    on left: 39 40 41 42, on right: 32 33 34 35 38 43 44 48 50
tableitem (62)
    on left: 43 44 45 46, on right: 42
call (63)
    on left: 47 48 49, on right: 45 46 47 51
primary (64)
    on left: 50 51 52 53 54, on right: 36
callsuffix (65)
    on left: 55 56, on right: 48
normcall (66)
    on left: 57, on right: 55
methodcall (67)
    on left: 58, on right: 56
elist (68)
    on left: 59 60 61, on right: 47 49 57 58 60 62 108 109
tablemake (69)
    on left: 62 63, on right: 52
indexed (70)
    on left: 64 65, on right: 63 65
indexedelem (71)
    on left: 67, on right: 64 65
$@2 (72)
    on left: 66, on right: 67
block_stmt (73)
    on left: 68 69, on right: 68 71
block (74)
    on left: 71, on right: 10 79
$@3 (75)
    on left: 70, on right: 71
funcname (76)
    on left: 72 73, on right: 74
funcprefix (77)
    on left: 74, on right: 80
funcargs (78)
    on left: 76, on right: 80
$@4 (79)
    on left: 75, on right: 76
funcblockstart (80)
    on left: 77, on right: 79
funcblockend (81)
    on left: 78, on right: 79
funcbody (82)
    on left: 79, on right: 80
funcdef (83)
    on left: 80, on right: 11 49 53
const (84)
    on left: 81 82 83 84 85 86, on right: 54
idlist (85)
    on left: 87 88 89, on right: 76 88
ifprefix (86)
    on left: 90, on right: 97
else (87)
    on left: 91, on right: 93
elsestmt (88)
    on left: 93 94, on right: 97
$@5 (89)
    on left: 92, on right: 93
ifstmt (90)
    on left: 97, on right: 4
$@6 (91)
    on left: 95, on right: 97
$@7 (92)
    on left: 96, on right: 97
whilestart (93)
    on left: 98, on right: 105
whilecond (94)
    on left: 99, on right: 105
loopstart (95)
    on left: 100, on right: 104
loopend (96)
    on left: 101, on right: 104
loopstmt (97)
    on left: 104, on right: 105 109
$@8 (98)
    on left: 102, on right: 104
$@9 (99)
    on left: 103, on right: 104
whilestmt (100)
    on left: 105, on right: 5
N (101)
    on left: 106, on right: 109
M (102)
    on left: 107, on right: 26 27 108
forprefix (103)
    on left: 108, on right: 109
forstmt (104)
    on left: 109, on right: 6
returnstmt (105)
    on left: 111 112, on right: 7
$@10 (106)
    on left: 110, on right: 111


State 0

    0 $accept: . program $end

    error            shift, and go to state 1
    BREAK            shift, and go to state 2
    CONTINUE         shift, and go to state 3
    NOT              shift, and go to state 4
    ID               shift, and go to state 5
    LOCAL            shift, and go to state 6
    STRING           shift, and go to state 7
    NIL              shift, and go to state 8
    TRUE             shift, and go to state 9
    FALSE            shift, and go to state 10
    IF               shift, and go to state 11
    WHILE            shift, and go to state 12
    FOR              shift, and go to state 13
    RETURN           shift, and go to state 14
    SEMICOLON        shift, and go to state 15
    FUNCTION         shift, and go to state 16
    MINUS            shift, and go to state 17
    PLUSx2           shift, and go to state 18
    MINUSx2          shift, and go to state 19
    LEFTB            shift, and go to state 20
    LEFTSB           shift, and go to state 21
    LEFTPARENTHESIS  shift, and go to state 22
    DOUBLEDOTx2      shift, and go to state 23
    INTEGER          shift, and go to state 24
    REAL             shift, and go to state 25

    $end  reduce using rule 2 (program)

    program     go to state 26
    stmt        go to state 27
    expr        go to state 28
    term        go to state 29
    assignexpr  go to state 30
    lvalue      go to state 31
    tableitem   go to state 32
    call        go to state 33
    primary     go to state 34
    tablemake   go to state 35
    block       go to state 36
    funcprefix  go to state 37
    funcdef     go to state 38
    const       go to state 39
    ifprefix    go to state 40
    ifstmt      go to state 41
    whilestart  go to state 42
    whilestmt   go to state 43
    forprefix   go to state 44
    forstmt     go to state 45
    returnstmt  go to state 46


State 1

   13 stmt: error . SEMICOLON

    SEMICOLON  shift, and go to state 47


State 2

    8 stmt: BREAK . SEMICOLON

    SEMICOLON  shift, and go to state 48


State 3

    9 stmt: CONTINUE . SEMICOLON

    SEMICOLON  shift, and go to state 49


State 4

   31 term: NOT . expr

    NOT              shift, and go to state 4
    ID               shift, and go to state 5
    LOCAL            shift, and go to state 6
    STRING           shift, and go to state 7
    NIL              shift, and go to state 8
    TRUE             shift, and go to state 9
    FALSE            shift, and go to state 10
    MINUS            shift, and go to state 17
    PLUSx2           shift, and go to state 18
    MINUSx2          shift, and go to state 19
    LEFTSB           shift, and go to state 21
    LEFTPARENTHESIS  shift, and go to state 22
    DOUBLEDOTx2      shift, and go to state 23
    INTEGER          shift, and go to state 24
    REAL             shift, and go to state 25

    expr        go to state 50
    term        go to state 29
    assignexpr  go to state 30
    lvalue      go to state 31
    tableitem   go to state 32
    call        go to state 33
    primary     go to state 34
    tablemake   go to state 35
    const       go to state 39


State 5

   39 lvalue: ID .

    $default  reduce using rule 39 (lvalue)


State 6

   40 lvalue: LOCAL . ID

    ID  shift, and go to state 51


State 7

   83 const: STRING .

    $default  reduce using rule 83 (const)


State 8

   84 const: NIL .

    $default  reduce using rule 84 (const)


State 9

   85 const: TRUE .

    $default  reduce using rule 85 (const)


State 10

   86 const: FALSE .

    $default  reduce using rule 86 (const)


State 11

   90 ifprefix: IF . LEFTPARENTHESIS expr RIGHTPARENTHESIS

    LEFTPARENTHESIS  shift, and go to state 52


State 12

   98 whilestart: WHILE .

    $default  reduce using rule 98 (whilestart)


State 13

  108 forprefix: FOR . LEFTPARENTHESIS elist SEMICOLON M expr SEMICOLON

    LEFTPARENTHESIS  shift, and go to state 53


State 14

  111 returnstmt: RETURN . $@10 expr SEMICOLON
  112           | RETURN . SEMICOLON

    SEMICOLON  shift, and go to state 54

    $default  reduce using rule 110 ($@10)

    $@10  go to state 55


State 15

   12 stmt: SEMICOLON .

    $default  reduce using rule 12 (stmt)


State 16

   74 funcprefix: FUNCTION . funcname

    ID  shift, and go to state 56

    $default  reduce using rule 73 (funcname)

    funcname  go to state 57


State 17

   30 term: MINUS . expr

    NOT              shift, and go to state 4
    ID               shift, and go to state 5
    LOCAL            shift, and go to state 6
    STRING           shift, and go to state 7
    NIL              shift, and go to state 8
    TRUE             shift, and go to state 9
    FALSE            shift, and go to state 10
    MINUS            shift, and go to state 17
    PLUSx2           shift, and go to state 18
    MINUSx2          shift, and go to state 19
    LEFTSB           shift, and go to state 21
    LEFTPARENTHESIS  shift, and go to state 22
    DOUBLEDOTx2      shift, and go to state 23
    INTEGER          shift, and go to state 24
    REAL             shift, and go to state 25

    expr        go to state 58
    term        go to state 29
    assignexpr  go to state 30
    lvalue      go to state 31
    tableitem   go to state 32
    call        go to state 33
    primary     go to state 34
    tablemake   go to state 35
    const       go to state 39


State 18

   32 term: PLUSx2 . lvalue

    ID               shift, and go to state 5
    LOCAL            shift, and go to state 6
    LEFTPARENTHESIS  shift, and go to state 59
    DOUBLEDOTx2      shift, and go to state 23

    lvalue     go to state 60
    tableitem  go to state 32
    call       go to state 61


State 19

   34 term: MINUSx2 . lvalue

    ID               shift, and go to state 5
    LOCAL            shift, and go to state 6
    LEFTPARENTHESIS  shift, and go to state 59
    DOUBLEDOTx2      shift, and go to state 23

    lvalue     go to state 62
    tableitem  go to state 32
    call       go to state 61


State 20

   71 block: LEFTB . $@3 block_stmt RIGHTB

    $default  reduce using rule 70 ($@3)

    $@3  go to state 63


State 21

   62 tablemake: LEFTSB . elist RIGHTSB
   63          | LEFTSB . indexed RIGHTSB

    NOT              shift, and go to state 4
    ID               shift, and go to state 5
    LOCAL            shift, and go to state 6
    STRING           shift, and go to state 7
    NIL              shift, and go to state 8
    TRUE             shift, and go to state 9
    FALSE            shift, and go to state 10
    MINUS            shift, and go to state 17
    PLUSx2           shift, and go to state 18
    MINUSx2          shift, and go to state 19
    LEFTB            shift, and go to state 64
    LEFTSB           shift, and go to state 21
    LEFTPARENTHESIS  shift, and go to state 22
    DOUBLEDOTx2      shift, and go to state 23
    INTEGER          shift, and go to state 24
    REAL             shift, and go to state 25

    $default  reduce using rule 61 (elist)

    expr         go to state 65
    term         go to state 29
    assignexpr   go to state 30
    lvalue       go to state 31
    tableitem    go to state 32
    call         go to state 33
    primary      go to state 34
    elist        go to state 66
    tablemake    go to state 35
    indexed      go to state 67
    indexedelem  go to state 68
    const        go to state 39


State 22

   29 term: LEFTPARENTHESIS . expr RIGHTPARENTHESIS
   49 call: LEFTPARENTHESIS . funcdef RIGHTPARENTHESIS LEFTPARENTHESIS elist RIGHTPARENTHESIS
   53 primary: LEFTPARENTHESIS . funcdef RIGHTPARENTHESIS

    NOT              shift, and go to state 4
    ID               shift, and go to state 5
    LOCAL            shift, and go to state 6
    STRING           shift, and go to state 7
    NIL              shift, and go to state 8
    TRUE             shift, and go to state 9
    FALSE            shift, and go to state 10
    FUNCTION         shift, and go to state 16
    MINUS            shift, and go to state 17
    PLUSx2           shift, and go to state 18
    MINUSx2          shift, and go to state 19
    LEFTSB           shift, and go to state 21
    LEFTPARENTHESIS  shift, and go to state 22
    DOUBLEDOTx2      shift, and go to state 23
    INTEGER          shift, and go to state 24
    REAL             shift, and go to state 25

    expr        go to state 69
    term        go to state 29
    assignexpr  go to state 30
    lvalue      go to state 31
    tableitem   go to state 32
    call        go to state 33
    primary     go to state 34
    tablemake   go to state 35
    funcprefix  go to state 37
    funcdef     go to state 70
    const       go to state 39


State 23

   41 lvalue: DOUBLEDOTx2 . ID

    ID  shift, and go to state 71


State 24

   81 const: INTEGER .

    $default  reduce using rule 81 (const)


State 25

   82 const: REAL .

    $default  reduce using rule 82 (const)


State 26

    0 $accept: program . $end

    $end  shift, and go to state 72


State 27

    1 program: stmt . program

    error            shift, and go to state 1
    BREAK            shift, and go to state 2
    CONTINUE         shift, and go to state 3
    NOT              shift, and go to state 4
    ID               shift, and go to state 5
    LOCAL            shift, and go to state 6
    STRING           shift, and go to state 7
    NIL              shift, and go to state 8
    TRUE             shift, and go to state 9
    FALSE            shift, and go to state 10
    IF               shift, and go to state 11
    WHILE            shift, and go to state 12
    FOR              shift, and go to state 13
    RETURN           shift, and go to state 14
    SEMICOLON        shift, and go to state 15
    FUNCTION         shift, and go to state 16
    MINUS            shift, and go to state 17
    PLUSx2           shift, and go to state 18
    MINUSx2          shift, and go to state 19
    LEFTB            shift, and go to state 20
    LEFTSB           shift, and go to state 21
    LEFTPARENTHESIS  shift, and go to state 22
    DOUBLEDOTx2      shift, and go to state 23
    INTEGER          shift, and go to state 24
    REAL             shift, and go to state 25

    $end  reduce using rule 2 (program)

    program     go to state 73
    stmt        go to state 27
    expr        go to state 28
    term        go to state 29
    assignexpr  go to state 30
    lvalue      go to state 31
    tableitem   go to state 32
    call        go to state 33
    primary     go to state 34
    tablemake   go to state 35
    block       go to state 36
    funcprefix  go to state 37
    funcdef     go to state 38
    const       go to state 39
    ifprefix    go to state 40
    ifstmt      go to state 41
    whilestart  go to state 42
    whilestmt   go to state 43
    forprefix   go to state 44
    forstmt     go to state 45
    returnstmt  go to state 46


State 28

    3 stmt: expr . SEMICOLON
   15 expr: expr . PLUS expr
   16     | expr . MINUS expr
   17     | expr . MUL expr
   18     | expr . DIVIDE expr
   19     | expr . MODULO expr
   20     | expr . GT expr
   21     | expr . GE expr
   22     | expr . LT expr
   23     | expr . LE expr
   24     | expr . EQ expr
   25     | expr . NE expr
   26     | expr . AND M expr
   27     | expr . OR M expr

    AND        shift, and go to state 74
    OR         shift, and go to state 75
    SEMICOLON  shift, and go to state 76
    DIVIDE     shift, and go to state 77
    PLUS       shift, and go to state 78
    MINUS      shift, and go to state 79
    MUL        shift, and go to state 80
    MODULO     shift, and go to state 81
    EQ         shift, and go to state 82
    NE         shift, and go to state 83
    GT         shift, and go to state 84
    LT         shift, and go to state 85
    GE         shift, and go to state 86
    LE         shift, and go to state 87


State 29

   28 expr: term .

    $default  reduce using rule 28 (expr)


State 30

   14 expr: assignexpr .

    $default  reduce using rule 14 (expr)


State 31

   33 term: lvalue . PLUSx2
   35     | lvalue . MINUSx2
   38 assignexpr: lvalue . ASSIGN $@1 expr
   43 tableitem: lvalue . DOT ID
   44          | lvalue . LEFTSB expr RIGHTSB
   48 call: lvalue . callsuffix
   50 primary: lvalue .

    DOT              shift, and go to state 88
    DOTx2            shift, and go to state 89
    ASSIGN           shift, and go to state 90
    PLUSx2           shift, and go to state 91
    MINUSx2          shift, and go to state 92
    LEFTSB           shift, and go to state 93
    LEFTPARENTHESIS  shift, and go to state 94

    $default  reduce using rule 50 (primary)

    callsuffix  go to state 95
    normcall    go to state 96
    methodcall  go to state 97


State 32

   42 lvalue: tableitem .

    $default  reduce using rule 42 (lvalue)


State 33

   45 tableitem: call . DOT ID
   46          | call . LEFTSB expr RIGHTSB
   47 call: call . LEFTPARENTHESIS elist RIGHTPARENTHESIS
   51 primary: call .

    DOT              shift, and go to state 98
    LEFTSB           shift, and go to state 99
    LEFTPARENTHESIS  shift, and go to state 100

    $default  reduce using rule 51 (primary)


State 34

   36 term: primary .

    $default  reduce using rule 36 (term)


State 35

   52 primary: tablemake .

    $default  reduce using rule 52 (primary)


State 36

   10 stmt: block .

    $default  reduce using rule 10 (stmt)


State 37

   80 funcdef: funcprefix . funcargs funcbody

    LEFTPARENTHESIS  shift, and go to state 101

    funcargs  go to state 102


State 38

   11 stmt: funcdef .

    $default  reduce using rule 11 (stmt)


State 39

   54 primary: const .

    $default  reduce using rule 54 (primary)


State 40

   97 ifstmt: ifprefix . $@6 stmt $@7 elsestmt

    $default  reduce using rule 95 ($@6)

    $@6  go to state 103


State 41

    4 stmt: ifstmt .

    $default  reduce using rule 4 (stmt)


State 42

  105 whilestmt: whilestart . whilecond loopstmt

    LEFTPARENTHESIS  shift, and go to state 104

    whilecond  go to state 105


State 43

    5 stmt: whilestmt .

    $default  reduce using rule 5 (stmt)


State 44

  109 forstmt: forprefix . N elist RIGHTPARENTHESIS N loopstmt N

    $default  reduce using rule 106 (N)

    N  go to state 106


State 45

    6 stmt: forstmt .

    $default  reduce using rule 6 (stmt)


State 46

    7 stmt: returnstmt .

    $default  reduce using rule 7 (stmt)


State 47

   13 stmt: error SEMICOLON .

    $default  reduce using rule 13 (stmt)


State 48

    8 stmt: BREAK SEMICOLON .

    $default  reduce using rule 8 (stmt)


State 49

    9 stmt: CONTINUE SEMICOLON .

    $default  reduce using rule 9 (stmt)


State 50

   15 expr: expr . PLUS expr
   16     | expr . MINUS expr
   17     | expr . MUL expr
   18     | expr . DIVIDE expr
   19     | expr . MODULO expr
   20     | expr . GT expr
   21     | expr . GE expr
   22     | expr . LT expr
   23     | expr . LE expr
   24     | expr . EQ expr
   25     | expr . NE expr
   26     | expr . AND M expr
   27     | expr . OR M expr
   31 term: NOT expr .

    $default  reduce using rule 31 (term)


State 51

   40 lvalue: LOCAL ID .

    $default  reduce using rule 40 (lvalue)


State 52

   90 ifprefix: IF LEFTPARENTHESIS . expr RIGHTPARENTHESIS

    NOT              shift, and go to state 4
    ID               shift, and go to state 5
    LOCAL            shift, and go to state 6
    STRING           shift, and go to state 7
    NIL              shift, and go to state 8
    TRUE             shift, and go to state 9
    FALSE            shift, and go to state 10
    MINUS            shift, and go to state 17
    PLUSx2           shift, and go to state 18
    MINUSx2          shift, and go to state 19
    LEFTSB           shift, and go to state 21
    LEFTPARENTHESIS  shift, and go to state 22
    DOUBLEDOTx2      shift, and go to state 23
    INTEGER          shift, and go to state 24
    REAL             shift, and go to state 25

    expr        go to state 107
    term        go to state 29
    assignexpr  go to state 30
    lvalue      go to state 31
    tableitem   go to state 32
    call        go to state 33
    primary     go to state 34
    tablemake   go to state 35
    const       go to state 39


State 53

  108 forprefix: FOR LEFTPARENTHESIS . elist SEMICOLON M expr SEMICOLON

    NOT              shift, and go to state 4
    ID               shift, and go to state 5
    LOCAL            shift, and go to state 6
    STRING           shift, and go to state 7
    NIL              shift, and go to state 8
    TRUE             shift, and go to state 9
    FALSE            shift, and go to state 10
    MINUS            shift, and go to state 17
    PLUSx2           shift, and go to state 18
    MINUSx2          shift, and go to state 19
    LEFTSB           shift, and go to state 21
    LEFTPARENTHESIS  shift, and go to state 22
    DOUBLEDOTx2      shift, and go to state 23
    INTEGER          shift, and go to state 24
    REAL             shift, and go to state 25

    $default  reduce using rule 61 (elist)

    expr        go to state 65
    term        go to state 29
    assignexpr  go to state 30
    lvalue      go to state 31
    tableitem   go to state 32
    call        go to state 33
    primary     go to state 34
    elist       go to state 108
    tablemake   go to state 35
    const       go to state 39


State 54

  112 returnstmt: RETURN SEMICOLON .

    $default  reduce using rule 112 (returnstmt)


State 55

  111 returnstmt: RETURN $@10 . expr SEMICOLON

    NOT              shift, and go to state 4
    ID               shift, and go to state 5
    LOCAL            shift, and go to state 6
    STRING           shift, and go to state 7
    NIL              shift, and go to state 8
    TRUE             shift, and go to state 9
    FALSE            shift, and go to state 10
    MINUS            shift, and go to state 17
    PLUSx2           shift, and go to state 18
    MINUSx2          shift, and go to state 19
    LEFTSB           shift, and go to state 21
    LEFTPARENTHESIS  shift, and go to state 22
    DOUBLEDOTx2      shift, and go to state 23
    INTEGER          shift, and go to state 24
    REAL             shift, and go to state 25

    expr        go to state 109
    term        go to state 29
    assignexpr  go to state 30
    lvalue      go to state 31
    tableitem   go to state 32
    call        go to state 33
    primary     go to state 34
    tablemake   go to state 35
    const       go to state 39


State 56

   72 funcname: ID .

    $default  reduce using rule 72 (funcname)


State 57

   74 funcprefix: FUNCTION funcname .

    $default  reduce using rule 74 (funcprefix)


State 58

   15 expr: expr . PLUS expr
   16     | expr . MINUS expr
   17     | expr . MUL expr
   18     | expr . DIVIDE expr
   19     | expr . MODULO expr
   20     | expr . GT expr
   21     | expr . GE expr
   22     | expr . LT expr
   23     | expr . LE expr
   24     | expr . EQ expr
   25     | expr . NE expr
   26     | expr . AND M expr
   27     | expr . OR M expr
   30 term: MINUS expr .

    $default  reduce using rule 30 (term)


State 59

   49 call: LEFTPARENTHESIS . funcdef RIGHTPARENTHESIS LEFTPARENTHESIS elist RIGHTPARENTHESIS

    FUNCTION  shift, and go to state 16

    funcprefix  go to state 37
    funcdef     go to state 110


State 60

   32 term: PLUSx2 lvalue .
   43 tableitem: lvalue . DOT ID
   44          | lvalue . LEFTSB expr RIGHTSB
   48 call: lvalue . callsuffix

    DOT              shift, and go to state 88
    DOTx2            shift, and go to state 89
    LEFTSB           shift, and go to state 93
    LEFTPARENTHESIS  shift, and go to state 94

    $default  reduce using rule 32 (term)

    callsuffix  go to state 95
    normcall    go to state 96
    methodcall  go to state 97


State 61

   45 tableitem: call . DOT ID
   46          | call . LEFTSB expr RIGHTSB
   47 call: call . LEFTPARENTHESIS elist RIGHTPARENTHESIS

    DOT              shift, and go to state 98
    LEFTSB           shift, and go to state 99
    LEFTPARENTHESIS  shift, and go to state 100


State 62

   34 term: MINUSx2 lvalue .
   43 tableitem: lvalue . DOT ID
   44          | lvalue . LEFTSB expr RIGHTSB
   48 call: lvalue . callsuffix

    DOT              shift, and go to state 88
    DOTx2            shift, and go to state 89
    LEFTSB           shift, and go to state 93
    LEFTPARENTHESIS  shift, and go to state 94

    $default  reduce using rule 34 (term)

    callsuffix  go to state 95
    normcall    go to state 96
    methodcall  go to state 97


State 63

   71 block: LEFTB $@3 . block_stmt RIGHTB

    $default  reduce using rule 69 (block_stmt)

    block_stmt  go to state 111


State 64

   67 indexedelem: LEFTB . expr DOUBLEDOT $@2 expr RIGHTB

    NOT              shift, and go to state 4
    ID               shift, and go to state 5
    LOCAL            shift, and go to state 6
    STRING           shift, and go to state 7
    NIL              shift, and go to state 8
    TRUE             shift, and go to state 9
    FALSE            shift, and go to state 10
    MINUS            shift, and go to state 17
    PLUSx2           shift, and go to state 18
    MINUSx2          shift, and go to state 19
    LEFTSB           shift, and go to state 21
    LEFTPARENTHESIS  shift, and go to state 22
    DOUBLEDOTx2      shift, and go to state 23
    INTEGER          shift, and go to state 24
    REAL             shift, and go to state 25

    expr        go to state 112
    term        go to state 29
    assignexpr  go to state 30
    lvalue      go to state 31
    tableitem   go to state 32
    call        go to state 33
    primary     go to state 34
    tablemake   go to state 35
    const       go to state 39


State 65

   15 expr: expr . PLUS expr
   16     | expr . MINUS expr
   17     | expr . MUL expr
   18     | expr . DIVIDE expr
   19     | expr . MODULO expr
   20     | expr . GT expr
   21     | expr . GE expr
   22     | expr . LT expr
   23     | expr . LE expr
   24     | expr . EQ expr
   25     | expr . NE expr
   26     | expr . AND M expr
   27     | expr . OR M expr
   59 elist: expr .

    AND     shift, and go to state 74
    OR      shift, and go to state 75
    DIVIDE  shift, and go to state 77
    PLUS    shift, and go to state 78
    MINUS   shift, and go to state 79
    MUL     shift, and go to state 80
    MODULO  shift, and go to state 81
    EQ      shift, and go to state 82
    NE      shift, and go to state 83
    GT      shift, and go to state 84
    LT      shift, and go to state 85
    GE      shift, and go to state 86
    LE      shift, and go to state 87

    $default  reduce using rule 59 (elist)


State 66

   60 elist: elist . COMMA expr
   62 tablemake: LEFTSB elist . RIGHTSB

    RIGHTSB  shift, and go to state 113
    COMMA    shift, and go to state 114


State 67

   63 tablemake: LEFTSB indexed . RIGHTSB
   65 indexed: indexed . COMMA indexedelem

    RIGHTSB  shift, and go to state 115
    COMMA    shift, and go to state 116


State 68

   64 indexed: indexedelem .

    $default  reduce using rule 64 (indexed)


State 69

   15 expr: expr . PLUS expr
   16     | expr . MINUS expr
   17     | expr . MUL expr
   18     | expr . DIVIDE expr
   19     | expr . MODULO expr
   20     | expr . GT expr
   21     | expr . GE expr
   22     | expr . LT expr
   23     | expr . LE expr
   24     | expr . EQ expr
   25     | expr . NE expr
   26     | expr . AND M expr
   27     | expr . OR M expr
   29 term: LEFTPARENTHESIS expr . RIGHTPARENTHESIS

    AND               shift, and go to state 74
    OR                shift, and go to state 75
    DIVIDE            shift, and go to state 77
    PLUS              shift, and go to state 78
    MINUS             shift, and go to state 79
    MUL               shift, and go to state 80
    MODULO            shift, and go to state 81
    EQ                shift, and go to state 82
    NE                shift, and go to state 83
    GT                shift, and go to state 84
    LT                shift, and go to state 85
    GE                shift, and go to state 86
    LE                shift, and go to state 87
    RIGHTPARENTHESIS  shift, and go to state 117


State 70

   49 call: LEFTPARENTHESIS funcdef . RIGHTPARENTHESIS LEFTPARENTHESIS elist RIGHTPARENTHESIS
   53 primary: LEFTPARENTHESIS funcdef . RIGHTPARENTHESIS

    RIGHTPARENTHESIS  shift, and go to state 118


State 71

   41 lvalue: DOUBLEDOTx2 ID .

    $default  reduce using rule 41 (lvalue)


State 72

    0 $accept: program $end .

    $default  accept


State 73

    1 program: stmt program .

    $default  reduce using rule 1 (program)


State 74

   26 expr: expr AND . M expr

    $default  reduce using rule 107 (M)

    M  go to state 119


State 75

   27 expr: expr OR . M expr

    $default  reduce using rule 107 (M)

    M  go to state 120


State 76

    3 stmt: expr SEMICOLON .

    $default  reduce using rule 3 (stmt)


State 77

   18 expr: expr DIVIDE . expr

    NOT              shift, and go to state 4
    ID               shift, and go to state 5
    LOCAL            shift, and go to state 6
    STRING           shift, and go to state 7
    NIL              shift, and go to state 8
    TRUE             shift, and go to state 9
    FALSE            shift, and go to state 10
    MINUS            shift, and go to state 17
    PLUSx2           shift, and go to state 18
    MINUSx2          shift, and go to state 19
    LEFTSB           shift, and go to state 21
    LEFTPARENTHESIS  shift, and go to state 22
    DOUBLEDOTx2      shift, and go to state 23
    INTEGER          shift, and go to state 24
    REAL             shift, and go to state 25

    expr        go to state 121
    term        go to state 29
    assignexpr  go to state 30
    lvalue      go to state 31
    tableitem   go to state 32
    call        go to state 33
    primary     go to state 34
    tablemake   go to state 35
    const       go to state 39


State 78

   15 expr: expr PLUS . expr

    NOT              shift, and go to state 4
    ID               shift, and go to state 5
    LOCAL            shift, and go to state 6
    STRING           shift, and go to state 7
    NIL              shift, and go to state 8
    TRUE             shift, and go to state 9
    FALSE            shift, and go to state 10
    MINUS            shift, and go to state 17
    PLUSx2           shift, and go to state 18
    MINUSx2          shift, and go to state 19
    LEFTSB           shift, and go to state 21
    LEFTPARENTHESIS  shift, and go to state 22
    DOUBLEDOTx2      shift, and go to state 23
    INTEGER          shift, and go to state 24
    REAL             shift, and go to state 25

    expr        go to state 122
    term        go to state 29
    assignexpr  go to state 30
    lvalue      go to state 31
    tableitem   go to state 32
    call        go to state 33
    primary     go to state 34
    tablemake   go to state 35
    const       go to state 39


State 79

   16 expr: expr MINUS . expr

    NOT              shift, and go to state 4
    ID               shift, and go to state 5
    LOCAL            shift, and go to state 6
    STRING           shift, and go to state 7
    NIL              shift, and go to state 8
    TRUE             shift, and go to state 9
    FALSE            shift, and go to state 10
    MINUS            shift, and go to state 17
    PLUSx2           shift, and go to state 18
    MINUSx2          shift, and go to state 19
    LEFTSB           shift, and go to state 21
    LEFTPARENTHESIS  shift, and go to state 22
    DOUBLEDOTx2      shift, and go to state 23
    INTEGER          shift, and go to state 24
    REAL             shift, and go to state 25

    expr        go to state 123
    term        go to state 29
    assignexpr  go to state 30
    lvalue      go to state 31
    tableitem   go to state 32
    call        go to state 33
    primary     go to state 34
    tablemake   go to state 35
    const       go to state 39


State 80

   17 expr: expr MUL . expr

    NOT              shift, and go to state 4
    ID               shift, and go to state 5
    LOCAL            shift, and go to state 6
    STRING           shift, and go to state 7
    NIL              shift, and go to state 8
    TRUE             shift, and go to state 9
    FALSE            shift, and go to state 10
    MINUS            shift, and go to state 17
    PLUSx2           shift, and go to state 18
    MINUSx2          shift, and go to state 19
    LEFTSB           shift, and go to state 21
    LEFTPARENTHESIS  shift, and go to state 22
    DOUBLEDOTx2      shift, and go to state 23
    INTEGER          shift, and go to state 24
    REAL             shift, and go to state 25

    expr        go to state 124
    term        go to state 29
    assignexpr  go to state 30
    lvalue      go to state 31
    tableitem   go to state 32
    call        go to state 33
    primary     go to state 34
    tablemake   go to state 35
    const       go to state 39


State 81

   19 expr: expr MODULO . expr

    NOT              shift, and go to state 4
    ID               shift, and go to state 5
    LOCAL            shift, and go to state 6
    STRING           shift, and go to state 7
    NIL              shift, and go to state 8
    TRUE             shift, and go to state 9
    FALSE            shift, and go to state 10
    MINUS            shift, and go to state 17
    PLUSx2           shift, and go to state 18
    MINUSx2          shift, and go to state 19
    LEFTSB           shift, and go to state 21
    LEFTPARENTHESIS  shift, and go to state 22
    DOUBLEDOTx2      shift, and go to state 23
    INTEGER          shift, and go to state 24
    REAL             shift, and go to state 25

    expr        go to state 125
    term        go to state 29
    assignexpr  go to state 30
    lvalue      go to state 31
    tableitem   go to state 32
    call        go to state 33
    primary     go to state 34
    tablemake   go to state 35
    const       go to state 39


State 82

   24 expr: expr EQ . expr

    NOT              shift, and go to state 4
    ID               shift, and go to state 5
    LOCAL            shift, and go to state 6
    STRING           shift, and go to state 7
    NIL              shift, and go to state 8
    TRUE             shift, and go to state 9
    FALSE            shift, and go to state 10
    MINUS            shift, and go to state 17
    PLUSx2           shift, and go to state 18
    MINUSx2          shift, and go to state 19
    LEFTSB           shift, and go to state 21
    LEFTPARENTHESIS  shift, and go to state 22
    DOUBLEDOTx2      shift, and go to state 23
    INTEGER          shift, and go to state 24
    REAL             shift, and go to state 25

    expr        go to state 126
    term        go to state 29
    assignexpr  go to state 30
    lvalue      go to state 31
    tableitem   go to state 32
    call        go to state 33
    primary     go to state 34
    tablemake   go to state 35
    const       go to state 39


State 83

   25 expr: expr NE . expr

    NOT              shift, and go to state 4
    ID               shift, and go to state 5
    LOCAL            shift, and go to state 6
    STRING           shift, and go to state 7
    NIL              shift, and go to state 8
    TRUE             shift, and go to state 9
    FALSE            shift, and go to state 10
    MINUS            shift, and go to state 17
    PLUSx2           shift, and go to state 18
    MINUSx2          shift, and go to state 19
    LEFTSB           shift, and go to state 21
    LEFTPARENTHESIS  shift, and go to state 22
    DOUBLEDOTx2      shift, and go to state 23
    INTEGER          shift, and go to state 24
    REAL             shift, and go to state 25

    expr        go to state 127
    term        go to state 29
    assignexpr  go to state 30
    lvalue      go to state 31
    tableitem   go to state 32
    call        go to state 33
    primary     go to state 34
    tablemake   go to state 35
    const       go to state 39


State 84

   20 expr: expr GT . expr

    NOT              shift, and go to state 4
    ID               shift, and go to state 5
    LOCAL            shift, and go to state 6
    STRING           shift, and go to state 7
    NIL              shift, and go to state 8
    TRUE             shift, and go to state 9
    FALSE            shift, and go to state 10
    MINUS            shift, and go to state 17
    PLUSx2           shift, and go to state 18
    MINUSx2          shift, and go to state 19
    LEFTSB           shift, and go to state 21
    LEFTPARENTHESIS  shift, and go to state 22
    DOUBLEDOTx2      shift, and go to state 23
    INTEGER          shift, and go to state 24
    REAL             shift, and go to state 25

    expr        go to state 128
    term        go to state 29
    assignexpr  go to state 30
    lvalue      go to state 31
    tableitem   go to state 32
    call        go to state 33
    primary     go to state 34
    tablemake   go to state 35
    const       go to state 39


State 85

   22 expr: expr LT . expr

    NOT              shift, and go to state 4
    ID               shift, and go to state 5
    LOCAL            shift, and go to state 6
    STRING           shift, and go to state 7
    NIL              shift, and go to state 8
    TRUE             shift, and go to state 9
    FALSE            shift, and go to state 10
    MINUS            shift, and go to state 17
    PLUSx2           shift, and go to state 18
    MINUSx2          shift, and go to state 19
    LEFTSB           shift, and go to state 21
    LEFTPARENTHESIS  shift, and go to state 22
    DOUBLEDOTx2      shift, and go to state 23
    INTEGER          shift, and go to state 24
    REAL             shift, and go to state 25

    expr        go to state 129
    term        go to state 29
    assignexpr  go to state 30
    lvalue      go to state 31
    tableitem   go to state 32
    call        go to state 33
    primary     go to state 34
    tablemake   go to state 35
    const       go to state 39


State 86

   21 expr: expr GE . expr

    NOT              shift, and go to state 4
    ID               shift, and go to state 5
    LOCAL            shift, and go to state 6
    STRING           shift, and go to state 7
    NIL              shift, and go to state 8
    TRUE             shift, and go to state 9
    FALSE            shift, and go to state 10
    MINUS            shift, and go to state 17
    PLUSx2           shift, and go to state 18
    MINUSx2          shift, and go to state 19
    LEFTSB           shift, and go to state 21
    LEFTPARENTHESIS  shift, and go to state 22
    DOUBLEDOTx2      shift, and go to state 23
    INTEGER          shift, and go to state 24
    REAL             shift, and go to state 25

    expr        go to state 130
    term        go to state 29
    assignexpr  go to state 30
    lvalue      go to state 31
    tableitem   go to state 32
    call        go to state 33
    primary     go to state 34
    tablemake   go to state 35
    const       go to state 39


State 87

   23 expr: expr LE . expr

    NOT              shift, and go to state 4
    ID               shift, and go to state 5
    LOCAL            shift, and go to state 6
    STRING           shift, and go to state 7
    NIL              shift, and go to state 8
    TRUE             shift, and go to state 9
    FALSE            shift, and go to state 10
    MINUS            shift, and go to state 17
    PLUSx2           shift, and go to state 18
    MINUSx2          shift, and go to state 19
    LEFTSB           shift, and go to state 21
    LEFTPARENTHESIS  shift, and go to state 22
    DOUBLEDOTx2      shift, and go to state 23
    INTEGER          shift, and go to state 24
    REAL             shift, and go to state 25

    expr        go to state 131
    term        go to state 29
    assignexpr  go to state 30
    lvalue      go to state 31
    tableitem   go to state 32
    call        go to state 33
    primary     go to state 34
    tablemake   go to state 35
    const       go to state 39


State 88

   43 tableitem: lvalue DOT . ID

    ID  shift, and go to state 132


State 89

   58 methodcall: DOTx2 . ID LEFTPARENTHESIS elist RIGHTPARENTHESIS

    ID  shift, and go to state 133


State 90

   38 assignexpr: lvalue ASSIGN . $@1 expr

    $default  reduce using rule 37 ($@1)

    $@1  go to state 134


State 91

   33 term: lvalue PLUSx2 .

    $default  reduce using rule 33 (term)


State 92

   35 term: lvalue MINUSx2 .

    $default  reduce using rule 35 (term)


State 93

   44 tableitem: lvalue LEFTSB . expr RIGHTSB

    NOT              shift, and go to state 4
    ID               shift, and go to state 5
    LOCAL            shift, and go to state 6
    STRING           shift, and go to state 7
    NIL              shift, and go to state 8
    TRUE             shift, and go to state 9
    FALSE            shift, and go to state 10
    MINUS            shift, and go to state 17
    PLUSx2           shift, and go to state 18
    MINUSx2          shift, and go to state 19
    LEFTSB           shift, and go to state 21
    LEFTPARENTHESIS  shift, and go to state 22
    DOUBLEDOTx2      shift, and go to state 23
    INTEGER          shift, and go to state 24
    REAL             shift, and go to state 25

    expr        go to state 135
    term        go to state 29
    assignexpr  go to state 30
    lvalue      go to state 31
    tableitem   go to state 32
    call        go to state 33
    primary     go to state 34
    tablemake   go to state 35
    const       go to state 39


State 94

   57 normcall: LEFTPARENTHESIS . elist RIGHTPARENTHESIS

    NOT              shift, and go to state 4
    ID               shift, and go to state 5
    LOCAL            shift, and go to state 6
    STRING           shift, and go to state 7
    NIL              shift, and go to state 8
    TRUE             shift, and go to state 9
    FALSE            shift, and go to state 10
    MINUS            shift, and go to state 17
    PLUSx2           shift, and go to state 18
    MINUSx2          shift, and go to state 19
    LEFTSB           shift, and go to state 21
    LEFTPARENTHESIS  shift, and go to state 22
    DOUBLEDOTx2      shift, and go to state 23
    INTEGER          shift, and go to state 24
    REAL             shift, and go to state 25

    $default  reduce using rule 61 (elist)

    expr        go to state 65
    term        go to state 29
    assignexpr  go to state 30
    lvalue      go to state 31
    tableitem   go to state 32
    call        go to state 33
    primary     go to state 34
    elist       go to state 136
    tablemake   go to state 35
    const       go to state 39


State 95

   48 call: lvalue callsuffix .

    $default  reduce using rule 48 (call)


State 96

   55 callsuffix: normcall .

    $default  reduce using rule 55 (callsuffix)


State 97

   56 callsuffix: methodcall .

    $default  reduce using rule 56 (callsuffix)


State 98

   45 tableitem: call DOT . ID

    ID  shift, and go to state 137


State 99

   46 tableitem: call LEFTSB . expr RIGHTSB

    NOT              shift, and go to state 4
    ID               shift, and go to state 5
    LOCAL            shift, and go to state 6
    STRING           shift, and go to state 7
    NIL              shift, and go to state 8
    TRUE             shift, and go to state 9
    FALSE            shift, and go to state 10
    MINUS            shift, and go to state 17
    PLUSx2           shift, and go to state 18
    MINUSx2          shift, and go to state 19
    LEFTSB           shift, and go to state 21
    LEFTPARENTHESIS  shift, and go to state 22
    DOUBLEDOTx2      shift, and go to state 23
    INTEGER          shift, and go to state 24
    REAL             shift, and go to state 25

    expr        go to state 138
    term        go to state 29
    assignexpr  go to state 30
    lvalue      go to state 31
    tableitem   go to state 32
    call        go to state 33
    primary     go to state 34
    tablemake   go to state 35
    const       go to state 39


State 100

   47 call: call LEFTPARENTHESIS . elist RIGHTPARENTHESIS

    NOT              shift, and go to state 4
    ID               shift, and go to state 5
    LOCAL            shift, and go to state 6
    STRING           shift, and go to state 7
    NIL              shift, and go to state 8
    TRUE             shift, and go to state 9
    FALSE            shift, and go to state 10
    MINUS            shift, and go to state 17
    PLUSx2           shift, and go to state 18
    MINUSx2          shift, and go to state 19
    LEFTSB           shift, and go to state 21
    LEFTPARENTHESIS  shift, and go to state 22
    DOUBLEDOTx2      shift, and go to state 23
    INTEGER          shift, and go to state 24
    REAL             shift, and go to state 25

    $default  reduce using rule 61 (elist)

    expr        go to state 65
    term        go to state 29
    assignexpr  go to state 30
    lvalue      go to state 31
    tableitem   go to state 32
    call        go to state 33
    primary     go to state 34
    elist       go to state 139
    tablemake   go to state 35
    const       go to state 39


State 101

   76 funcargs: LEFTPARENTHESIS . $@4 idlist RIGHTPARENTHESIS

    $default  reduce using rule 75 ($@4)

    $@4  go to state 140


State 102

   80 funcdef: funcprefix funcargs . funcbody

    $default  reduce using rule 77 (funcblockstart)

    funcblockstart  go to state 141
    funcbody        go to state 142


State 103

   97 ifstmt: ifprefix $@6 . stmt $@7 elsestmt

    error            shift, and go to state 1
    BREAK            shift, and go to state 2
    CONTINUE         shift, and go to state 3
    NOT              shift, and go to state 4
    ID               shift, and go to state 5
    LOCAL            shift, and go to state 6
    STRING           shift, and go to state 7
    NIL              shift, and go to state 8
    TRUE             shift, and go to state 9
    FALSE            shift, and go to state 10
    IF               shift, and go to state 11
    WHILE            shift, and go to state 12
    FOR              shift, and go to state 13
    RETURN           shift, and go to state 14
    SEMICOLON        shift, and go to state 15
    FUNCTION         shift, and go to state 16
    MINUS            shift, and go to state 17
    PLUSx2           shift, and go to state 18
    MINUSx2          shift, and go to state 19
    LEFTB            shift, and go to state 20
    LEFTSB           shift, and go to state 21
    LEFTPARENTHESIS  shift, and go to state 22
    DOUBLEDOTx2      shift, and go to state 23
    INTEGER          shift, and go to state 24
    REAL             shift, and go to state 25

    stmt        go to state 143
    expr        go to state 28
    term        go to state 29
    assignexpr  go to state 30
    lvalue      go to state 31
    tableitem   go to state 32
    call        go to state 33
    primary     go to state 34
    tablemake   go to state 35
    block       go to state 36
    funcprefix  go to state 37
    funcdef     go to state 38
    const       go to state 39
    ifprefix    go to state 40
    ifstmt      go to state 41
    whilestart  go to state 42
    whilestmt   go to state 43
    forprefix   go to state 44
    forstmt     go to state 45
    returnstmt  go to state 46


State 104

   99 whilecond: LEFTPARENTHESIS . expr RIGHTPARENTHESIS

    NOT              shift, and go to state 4
    ID               shift, and go to state 5
    LOCAL            shift, and go to state 6
    STRING           shift, and go to state 7
    NIL              shift, and go to state 8
    TRUE             shift, and go to state 9
    FALSE            shift, and go to state 10
    MINUS            shift, and go to state 17
    PLUSx2           shift, and go to state 18
    MINUSx2          shift, and go to state 19
    LEFTSB           shift, and go to state 21
    LEFTPARENTHESIS  shift, and go to state 22
    DOUBLEDOTx2      shift, and go to state 23
    INTEGER          shift, and go to state 24
    REAL             shift, and go to state 25

    expr        go to state 144
    term        go to state 29
    assignexpr  go to state 30
    lvalue      go to state 31
    tableitem   go to state 32
    call        go to state 33
    primary     go to state 34
    tablemake   go to state 35
    const       go to state 39


State 105

  105 whilestmt: whilestart whilecond . loopstmt

    $default  reduce using rule 100 (loopstart)

    loopstart  go to state 145
    loopstmt   go to state 146


State 106

  109 forstmt: forprefix N . elist RIGHTPARENTHESIS N loopstmt N

    NOT              shift, and go to state 4
    ID               shift, and go to state 5
    LOCAL            shift, and go to state 6
    STRING           shift, and go to state 7
    NIL              shift, and go to state 8
    TRUE             shift, and go to state 9
    FALSE            shift, and go to state 10
    MINUS            shift, and go to state 17
    PLUSx2           shift, and go to state 18
    MINUSx2          shift, and go to state 19
    LEFTSB           shift, and go to state 21
    LEFTPARENTHESIS  shift, and go to state 22
    DOUBLEDOTx2      shift, and go to state 23
    INTEGER          shift, and go to state 24
    REAL             shift, and go to state 25

    $default  reduce using rule 61 (elist)

    expr        go to state 65
    term        go to state 29
    assignexpr  go to state 30
    lvalue      go to state 31
    tableitem   go to state 32
    call        go to state 33
    primary     go to state 34
    elist       go to state 147
    tablemake   go to state 35
    const       go to state 39


State 107

   15 expr: expr . PLUS expr
   16     | expr . MINUS expr
   17     | expr . MUL expr
   18     | expr . DIVIDE expr
   19     | expr . MODULO expr
   20     | expr . GT expr
   21     | expr . GE expr
   22     | expr . LT expr
   23     | expr . LE expr
   24     | expr . EQ expr
   25     | expr . NE expr
   26     | expr . AND M expr
   27     | expr . OR M expr
   90 ifprefix: IF LEFTPARENTHESIS expr . RIGHTPARENTHESIS

    AND               shift, and go to state 74
    OR                shift, and go to state 75
    DIVIDE            shift, and go to state 77
    PLUS              shift, and go to state 78
    MINUS             shift, and go to state 79
    MUL               shift, and go to state 80
    MODULO            shift, and go to state 81
    EQ                shift, and go to state 82
    NE                shift, and go to state 83
    GT                shift, and go to state 84
    LT                shift, and go to state 85
    GE                shift, and go to state 86
    LE                shift, and go to state 87
    RIGHTPARENTHESIS  shift, and go to state 148


State 108

   60 elist: elist . COMMA expr
  108 forprefix: FOR LEFTPARENTHESIS elist . SEMICOLON M expr SEMICOLON

    SEMICOLON  shift, and go to state 149
    COMMA      shift, and go to state 114


State 109

   15 expr: expr . PLUS expr
   16     | expr . MINUS expr
   17     | expr . MUL expr
   18     | expr . DIVIDE expr
   19     | expr . MODULO expr
   20     | expr . GT expr
   21     | expr . GE expr
   22     | expr . LT expr
   23     | expr . LE expr
   24     | expr . EQ expr
   25     | expr . NE expr
   26     | expr . AND M expr
   27     | expr . OR M expr
  111 returnstmt: RETURN $@10 expr . SEMICOLON

    AND        shift, and go to state 74
    OR         shift, and go to state 75
    SEMICOLON  shift, and go to state 150
    DIVIDE     shift, and go to state 77
    PLUS       shift, and go to state 78
    MINUS      shift, and go to state 79
    MUL        shift, and go to state 80
    MODULO     shift, and go to state 81
    EQ         shift, and go to state 82
    NE         shift, and go to state 83
    GT         shift, and go to state 84
    LT         shift, and go to state 85
    GE         shift, and go to state 86
    LE         shift, and go to state 87


State 110

   49 call: LEFTPARENTHESIS funcdef . RIGHTPARENTHESIS LEFTPARENTHESIS elist RIGHTPARENTHESIS

    RIGHTPARENTHESIS  shift, and go to state 151


State 111

   68 block_stmt: block_stmt . stmt
   71 block: LEFTB $@3 block_stmt . RIGHTB

    error            shift, and go to state 1
    BREAK            shift, and go to state 2
    CONTINUE         shift, and go to state 3
    NOT              shift, and go to state 4
    ID               shift, and go to state 5
    LOCAL            shift, and go to state 6
    STRING           shift, and go to state 7
    NIL              shift, and go to state 8
    TRUE             shift, and go to state 9
    FALSE            shift, and go to state 10
    IF               shift, and go to state 11
    WHILE            shift, and go to state 12
    FOR              shift, and go to state 13
    RETURN           shift, and go to state 14
    SEMICOLON        shift, and go to state 15
    FUNCTION         shift, and go to state 16
    MINUS            shift, and go to state 17
    PLUSx2           shift, and go to state 18
    MINUSx2          shift, and go to state 19
    LEFTB            shift, and go to state 20
    RIGHTB           shift, and go to state 152
    LEFTSB           shift, and go to state 21
    LEFTPARENTHESIS  shift, and go to state 22
    DOUBLEDOTx2      shift, and go to state 23
    INTEGER          shift, and go to state 24
    REAL             shift, and go to state 25

    stmt        go to state 153
    expr        go to state 28
    term        go to state 29
    assignexpr  go to state 30
    lvalue      go to state 31
    tableitem   go to state 32
    call        go to state 33
    primary     go to state 34
    tablemake   go to state 35
    block       go to state 36
    funcprefix  go to state 37
    funcdef     go to state 38
    const       go to state 39
    ifprefix    go to state 40
    ifstmt      go to state 41
    whilestart  go to state 42
    whilestmt   go to state 43
    forprefix   go to state 44
    forstmt     go to state 45
    returnstmt  go to state 46


State 112

   15 expr: expr . PLUS expr
   16     | expr . MINUS expr
   17     | expr . MUL expr
   18     | expr . DIVIDE expr
   19     | expr . MODULO expr
   20     | expr . GT expr
   21     | expr . GE expr
   22     | expr . LT expr
   23     | expr . LE expr
   24     | expr . EQ expr
   25     | expr . NE expr
   26     | expr . AND M expr
   27     | expr . OR M expr
   67 indexedelem: LEFTB expr . DOUBLEDOT $@2 expr RIGHTB

    AND        shift, and go to state 74
    OR         shift, and go to state 75
    DIVIDE     shift, and go to state 77
    PLUS       shift, and go to state 78
    MINUS      shift, and go to state 79
    MUL        shift, and go to state 80
    MODULO     shift, and go to state 81
    EQ         shift, and go to state 82
    NE         shift, and go to state 83
    GT         shift, and go to state 84
    LT         shift, and go to state 85
    GE         shift, and go to state 86
    LE         shift, and go to state 87
    DOUBLEDOT  shift, and go to state 154


State 113

   62 tablemake: LEFTSB elist RIGHTSB .

    $default  reduce using rule 62 (tablemake)


State 114

   60 elist: elist COMMA . expr

    NOT              shift, and go to state 4
    ID               shift, and go to state 5
    LOCAL            shift, and go to state 6
    STRING           shift, and go to state 7
    NIL              shift, and go to state 8
    TRUE             shift, and go to state 9
    FALSE            shift, and go to state 10
    MINUS            shift, and go to state 17
    PLUSx2           shift, and go to state 18
    MINUSx2          shift, and go to state 19
    LEFTSB           shift, and go to state 21
    LEFTPARENTHESIS  shift, and go to state 22
    DOUBLEDOTx2      shift, and go to state 23
    INTEGER          shift, and go to state 24
    REAL             shift, and go to state 25

    expr        go to state 155
    term        go to state 29
    assignexpr  go to state 30
    lvalue      go to state 31
    tableitem   go to state 32
    call        go to state 33
    primary     go to state 34
    tablemake   go to state 35
    const       go to state 39


State 115

   63 tablemake: LEFTSB indexed RIGHTSB .

    $default  reduce using rule 63 (tablemake)


State 116

   65 indexed: indexed COMMA . indexedelem

    LEFTB  shift, and go to state 64

    indexedelem  go to state 156


State 117

   29 term: LEFTPARENTHESIS expr RIGHTPARENTHESIS .

    $default  reduce using rule 29 (term)


State 118

   49 call: LEFTPARENTHESIS funcdef RIGHTPARENTHESIS . LEFTPARENTHESIS elist RIGHTPARENTHESIS
   53 primary: LEFTPARENTHESIS funcdef RIGHTPARENTHESIS .

    LEFTPARENTHESIS  shift, and go to state 157

    $default  reduce using rule 53 (primary)


State 119

   26 expr: expr AND M . expr

    NOT              shift, and go to state 4
    ID               shift, and go to state 5
    LOCAL            shift, and go to state 6
    STRING           shift, and go to state 7
    NIL              shift, and go to state 8
    TRUE             shift, and go to state 9
    FALSE            shift, and go to state 10
    MINUS            shift, and go to state 17
    PLUSx2           shift, and go to state 18
    MINUSx2          shift, and go to state 19
    LEFTSB           shift, and go to state 21
    LEFTPARENTHESIS  shift, and go to state 22
    DOUBLEDOTx2      shift, and go to state 23
    INTEGER          shift, and go to state 24
    REAL             shift, and go to state 25

    expr        go to state 158
    term        go to state 29
    assignexpr  go to state 30
    lvalue      go to state 31
    tableitem   go to state 32
    call        go to state 33
    primary     go to state 34
    tablemake   go to state 35
    const       go to state 39


State 120

   27 expr: expr OR M . expr

    NOT              shift, and go to state 4
    ID               shift, and go to state 5
    LOCAL            shift, and go to state 6
    STRING           shift, and go to state 7
    NIL              shift, and go to state 8
    TRUE             shift, and go to state 9
    FALSE            shift, and go to state 10
    MINUS            shift, and go to state 17
    PLUSx2           shift, and go to state 18
    MINUSx2          shift, and go to state 19
    LEFTSB           shift, and go to state 21
    LEFTPARENTHESIS  shift, and go to state 22
    DOUBLEDOTx2      shift, and go to state 23
    INTEGER          shift, and go to state 24
    REAL             shift, and go to state 25

    expr        go to state 159
    term        go to state 29
    assignexpr  go to state 30
    lvalue      go to state 31
    tableitem   go to state 32
    call        go to state 33
    primary     go to state 34
    tablemake   go to state 35
    const       go to state 39


State 121

   15 expr: expr . PLUS expr
   16     | expr . MINUS expr
   17     | expr . MUL expr
   18     | expr . DIVIDE expr
   18     | expr DIVIDE expr .
   19     | expr . MODULO expr
   20     | expr . GT expr
   21     | expr . GE expr
   22     | expr . LT expr
   23     | expr . LE expr
   24     | expr . EQ expr
   25     | expr . NE expr
   26     | expr . AND M expr
   27     | expr . OR M expr

    $default  reduce using rule 18 (expr)


State 122

   15 expr: expr . PLUS expr
   15     | expr PLUS expr .
   16     | expr . MINUS expr
   17     | expr . MUL expr
   18     | expr . DIVIDE expr
   19     | expr . MODULO expr
   20     | expr . GT expr
   21     | expr . GE expr
   22     | expr . LT expr
   23     | expr . LE expr
   24     | expr . EQ expr
   25     | expr . NE expr
   26     | expr . AND M expr
   27     | expr . OR M expr

    $default  reduce using rule 15 (expr)


State 123

   15 expr: expr . PLUS expr
   16     | expr . MINUS expr
   16     | expr MINUS expr .
   17     | expr . MUL expr
   18     | expr . DIVIDE expr
   19     | expr . MODULO expr
   20     | expr . GT expr
   21     | expr . GE expr
   22     | expr . LT expr
   23     | expr . LE expr
   24     | expr . EQ expr
   25     | expr . NE expr
   26     | expr . AND M expr
   27     | expr . OR M expr

    $default  reduce using rule 16 (expr)


State 124

   15 expr: expr . PLUS expr
   16     | expr . MINUS expr
   17     | expr . MUL expr
   17     | expr MUL expr .
   18     | expr . DIVIDE expr
   19     | expr . MODULO expr
   20     | expr . GT expr
   21     | expr . GE expr
   22     | expr . LT expr
   23     | expr . LE expr
   24     | expr . EQ expr
   25     | expr . NE expr
   26     | expr . AND M expr
   27     | expr . OR M expr

    $default  reduce using rule 17 (expr)


State 125

   15 expr: expr . PLUS expr
   16     | expr . MINUS expr
   17     | expr . MUL expr
   18     | expr . DIVIDE expr
   19     | expr . MODULO expr
   19     | expr MODULO expr .
   20     | expr . GT expr
   21     | expr . GE expr
   22     | expr . LT expr
   23     | expr . LE expr
   24     | expr . EQ expr
   25     | expr . NE expr
   26     | expr . AND M expr
   27     | expr . OR M expr

    $default  reduce using rule 19 (expr)


State 126

   15 expr: expr . PLUS expr
   16     | expr . MINUS expr
   17     | expr . MUL expr
   18     | expr . DIVIDE expr
   19     | expr . MODULO expr
   20     | expr . GT expr
   21     | expr . GE expr
   22     | expr . LT expr
   23     | expr . LE expr
   24     | expr . EQ expr
   24     | expr EQ expr .
   25     | expr . NE expr
   26     | expr . AND M expr
   27     | expr . OR M expr

    DIVIDE  shift, and go to state 77
    PLUS    shift, and go to state 78
    MINUS   shift, and go to state 79
    MUL     shift, and go to state 80
    MODULO  shift, and go to state 81
    GT      shift, and go to state 84
    LT      shift, and go to state 85
    GE      shift, and go to state 86
    LE      shift, and go to state 87

    EQ  error (nonassociative)
    NE  error (nonassociative)

    $default  reduce using rule 24 (expr)


State 127

   15 expr: expr . PLUS expr
   16     | expr . MINUS expr
   17     | expr . MUL expr
   18     | expr . DIVIDE expr
   19     | expr . MODULO expr
   20     | expr . GT expr
   21     | expr . GE expr
   22     | expr . LT expr
   23     | expr . LE expr
   24     | expr . EQ expr
   25     | expr . NE expr
   25     | expr NE expr .
   26     | expr . AND M expr
   27     | expr . OR M expr

    DIVIDE  shift, and go to state 77
    PLUS    shift, and go to state 78
    MINUS   shift, and go to state 79
    MUL     shift, and go to state 80
    MODULO  shift, and go to state 81
    GT      shift, and go to state 84
    LT      shift, and go to state 85
    GE      shift, and go to state 86
    LE      shift, and go to state 87

    EQ  error (nonassociative)
    NE  error (nonassociative)

    $default  reduce using rule 25 (expr)


State 128

   15 expr: expr . PLUS expr
   16     | expr . MINUS expr
   17     | expr . MUL expr
   18     | expr . DIVIDE expr
   19     | expr . MODULO expr
   20     | expr . GT expr
   20     | expr GT expr .
   21     | expr . GE expr
   22     | expr . LT expr
   23     | expr . LE expr
   24     | expr . EQ expr
   25     | expr . NE expr
   26     | expr . AND M expr
   27     | expr . OR M expr

    DIVIDE  shift, and go to state 77
    PLUS    shift, and go to state 78
    MINUS   shift, and go to state 79
    MUL     shift, and go to state 80
    MODULO  shift, and go to state 81

    GT  error (nonassociative)
    LT  error (nonassociative)
    GE  error (nonassociative)
    LE  error (nonassociative)

    $default  reduce using rule 20 (expr)


State 129

   15 expr: expr . PLUS expr
   16     | expr . MINUS expr
   17     | expr . MUL expr
   18     | expr . DIVIDE expr
   19     | expr . MODULO expr
   20     | expr . GT expr
   21     | expr . GE expr
   22     | expr . LT expr
   22     | expr LT expr .
   23     | expr . LE expr
   24     | expr . EQ expr
   25     | expr . NE expr
   26     | expr . AND M expr
   27     | expr . OR M expr

    DIVIDE  shift, and go to state 77
    PLUS    shift, and go to state 78
    MINUS   shift, and go to state 79
    MUL     shift, and go to state 80
    MODULO  shift, and go to state 81

    GT  error (nonassociative)
    LT  error (nonassociative)
    GE  error (nonassociative)
    LE  error (nonassociative)

    $default  reduce using rule 22 (expr)


State 130

   15 expr: expr . PLUS expr
   16     | expr . MINUS expr
   17     | expr . MUL expr
   18     | expr . DIVIDE expr
   19     | expr . MODULO expr
   20     | expr . GT expr
   21     | expr . GE expr
   21     | expr GE expr .
   22     | expr . LT expr
   23     | expr . LE expr
   24     | expr . EQ expr
   25     | expr . NE expr
   26     | expr . AND M expr
   27     | expr . OR M expr

    DIVIDE  shift, and go to state 77
    PLUS    shift, and go to state 78
    MINUS   shift, and go to state 79
    MUL     shift, and go to state 80
    MODULO  shift, and go to state 81

    GT  error (nonassociative)
    LT  error (nonassociative)
    GE  error (nonassociative)
    LE  error (nonassociative)

    $default  reduce using rule 21 (expr)


State 131

   15 expr: expr . PLUS expr
   16     | expr . MINUS expr
   17     | expr . MUL expr
   18     | expr . DIVIDE expr
   19     | expr . MODULO expr
   20     | expr . GT expr
   21     | expr . GE expr
   22     | expr . LT expr
   23     | expr . LE expr
   23     | expr LE expr .
   24     | expr . EQ expr
   25     | expr . NE expr
   26     | expr . AND M expr
   27     | expr . OR M expr

    DIVIDE  shift, and go to state 77
    PLUS    shift, and go to state 78
    MINUS   shift, and go to state 79
    MUL     shift, and go to state 80
    MODULO  shift, and go to state 81

    GT  error (nonassociative)
    LT  error (nonassociative)
    GE  error (nonassociative)
    LE  error (nonassociative)

    $default  reduce using rule 23 (expr)


State 132

   43 tableitem: lvalue DOT ID .

    $default  reduce using rule 43 (tableitem)


State 133

   58 methodcall: DOTx2 ID . LEFTPARENTHESIS elist RIGHTPARENTHESIS

    LEFTPARENTHESIS  shift, and go to state 160


State 134

   38 assignexpr: lvalue ASSIGN $@1 . expr

    NOT              shift, and go to state 4
    ID               shift, and go to state 5
    LOCAL            shift, and go to state 6
    STRING           shift, and go to state 7
    NIL              shift, and go to state 8
    TRUE             shift, and go to state 9
    FALSE            shift, and go to state 10
    MINUS            shift, and go to state 17
    PLUSx2           shift, and go to state 18
    MINUSx2          shift, and go to state 19
    LEFTSB           shift, and go to state 21
    LEFTPARENTHESIS  shift, and go to state 22
    DOUBLEDOTx2      shift, and go to state 23
    INTEGER          shift, and go to state 24
    REAL             shift, and go to state 25

    expr        go to state 161
    term        go to state 29
    assignexpr  go to state 30
    lvalue      go to state 31
    tableitem   go to state 32
    call        go to state 33
    primary     go to state 34
    tablemake   go to state 35
    const       go to state 39


State 135

   15 expr: expr . PLUS expr
   16     | expr . MINUS expr
   17     | expr . MUL expr
   18     | expr . DIVIDE expr
   19     | expr . MODULO expr
   20     | expr . GT expr
   21     | expr . GE expr
   22     | expr . LT expr
   23     | expr . LE expr
   24     | expr . EQ expr
   25     | expr . NE expr
   26     | expr . AND M expr
   27     | expr . OR M expr
   44 tableitem: lvalue LEFTSB expr . RIGHTSB

    AND      shift, and go to state 74
    OR       shift, and go to state 75
    DIVIDE   shift, and go to state 77
    PLUS     shift, and go to state 78
    MINUS    shift, and go to state 79
    MUL      shift, and go to state 80
    MODULO   shift, and go to state 81
    EQ       shift, and go to state 82
    NE       shift, and go to state 83
    GT       shift, and go to state 84
    LT       shift, and go to state 85
    GE       shift, and go to state 86
    LE       shift, and go to state 87
    RIGHTSB  shift, and go to state 162


State 136

   57 normcall: LEFTPARENTHESIS elist . RIGHTPARENTHESIS
   60 elist: elist . COMMA expr

    RIGHTPARENTHESIS  shift, and go to state 163
    COMMA             shift, and go to state 114


State 137

   45 tableitem: call DOT ID .

    $default  reduce using rule 45 (tableitem)


State 138

   15 expr: expr . PLUS expr
   16     | expr . MINUS expr
   17     | expr . MUL expr
   18     | expr . DIVIDE expr
   19     | expr . MODULO expr
   20     | expr . GT expr
   21     | expr . GE expr
   22     | expr . LT expr
   23     | expr . LE expr
   24     | expr . EQ expr
   25     | expr . NE expr
   26     | expr . AND M expr
   27     | expr . OR M expr
   46 tableitem: call LEFTSB expr . RIGHTSB

    AND      shift, and go to state 74
    OR       shift, and go to state 75
    DIVIDE   shift, and go to state 77
    PLUS     shift, and go to state 78
    MINUS    shift, and go to state 79
    MUL      shift, and go to state 80
    MODULO   shift, and go to state 81
    EQ       shift, and go to state 82
    NE       shift, and go to state 83
    GT       shift, and go to state 84
    LT       shift, and go to state 85
    GE       shift, and go to state 86
    LE       shift, and go to state 87
    RIGHTSB  shift, and go to state 164


State 139

   47 call: call LEFTPARENTHESIS elist . RIGHTPARENTHESIS
   60 elist: elist . COMMA expr

    RIGHTPARENTHESIS  shift, and go to state 165
    COMMA             shift, and go to state 114


State 140

   76 funcargs: LEFTPARENTHESIS $@4 . idlist RIGHTPARENTHESIS

    ID  shift, and go to state 166

    $default  reduce using rule 89 (idlist)

    idlist  go to state 167


State 141

   79 funcbody: funcblockstart . block funcblockend

    LEFTB  shift, and go to state 20

    block  go to state 168


State 142

   80 funcdef: funcprefix funcargs funcbody .

    $default  reduce using rule 80 (funcdef)


State 143

   97 ifstmt: ifprefix $@6 stmt . $@7 elsestmt

    $default  reduce using rule 96 ($@7)

    $@7  go to state 169


State 144

   15 expr: expr . PLUS expr
   16     | expr . MINUS expr
   17     | expr . MUL expr
   18     | expr . DIVIDE expr
   19     | expr . MODULO expr
   20     | expr . GT expr
   21     | expr . GE expr
   22     | expr . LT expr
   23     | expr . LE expr
   24     | expr . EQ expr
   25     | expr . NE expr
   26     | expr . AND M expr
   27     | expr . OR M expr
   99 whilecond: LEFTPARENTHESIS expr . RIGHTPARENTHESIS

    AND               shift, and go to state 74
    OR                shift, and go to state 75
    DIVIDE            shift, and go to state 77
    PLUS              shift, and go to state 78
    MINUS             shift, and go to state 79
    MUL               shift, and go to state 80
    MODULO            shift, and go to state 81
    EQ                shift, and go to state 82
    NE                shift, and go to state 83
    GT                shift, and go to state 84
    LT                shift, and go to state 85
    GE                shift, and go to state 86
    LE                shift, and go to state 87
    RIGHTPARENTHESIS  shift, and go to state 170


State 145

  104 loopstmt: loopstart . $@8 stmt $@9 loopend

    $default  reduce using rule 102 ($@8)

    $@8  go to state 171


State 146

  105 whilestmt: whilestart whilecond loopstmt .

    $default  reduce using rule 105 (whilestmt)


State 147

   60 elist: elist . COMMA expr
  109 forstmt: forprefix N elist . RIGHTPARENTHESIS N loopstmt N

    RIGHTPARENTHESIS  shift, and go to state 172
    COMMA             shift, and go to state 114


State 148

   90 ifprefix: IF LEFTPARENTHESIS expr RIGHTPARENTHESIS .

    $default  reduce using rule 90 (ifprefix)


State 149

  108 forprefix: FOR LEFTPARENTHESIS elist SEMICOLON . M expr SEMICOLON

    $default  reduce using rule 107 (M)

    M  go to state 173


State 150

  111 returnstmt: RETURN $@10 expr SEMICOLON .

    $default  reduce using rule 111 (returnstmt)


State 151

   49 call: LEFTPARENTHESIS funcdef RIGHTPARENTHESIS . LEFTPARENTHESIS elist RIGHTPARENTHESIS

    LEFTPARENTHESIS  shift, and go to state 157


State 152

   71 block: LEFTB $@3 block_stmt RIGHTB .

    $default  reduce using rule 71 (block)


State 153

   68 block_stmt: block_stmt stmt .

    $default  reduce using rule 68 (block_stmt)


State 154

   67 indexedelem: LEFTB expr DOUBLEDOT . $@2 expr RIGHTB

    $default  reduce using rule 66 ($@2)

    $@2  go to state 174


State 155

   15 expr: expr . PLUS expr
   16     | expr . MINUS expr
   17     | expr . MUL expr
   18     | expr . DIVIDE expr
   19     | expr . MODULO expr
   20     | expr . GT expr
   21     | expr . GE expr
   22     | expr . LT expr
   23     | expr . LE expr
   24     | expr . EQ expr
   25     | expr . NE expr
   26     | expr . AND M expr
   27     | expr . OR M expr
   60 elist: elist COMMA expr .

    AND     shift, and go to state 74
    OR      shift, and go to state 75
    DIVIDE  shift, and go to state 77
    PLUS    shift, and go to state 78
    MINUS   shift, and go to state 79
    MUL     shift, and go to state 80
    MODULO  shift, and go to state 81
    EQ      shift, and go to state 82
    NE      shift, and go to state 83
    GT      shift, and go to state 84
    LT      shift, and go to state 85
    GE      shift, and go to state 86
    LE      shift, and go to state 87

    $default  reduce using rule 60 (elist)


State 156

   65 indexed: indexed COMMA indexedelem .

    $default  reduce using rule 65 (indexed)


State 157

   49 call: LEFTPARENTHESIS funcdef RIGHTPARENTHESIS LEFTPARENTHESIS . elist RIGHTPARENTHESIS

    NOT              shift, and go to state 4
    ID               shift, and go to state 5
    LOCAL            shift, and go to state 6
    STRING           shift, and go to state 7
    NIL              shift, and go to state 8
    TRUE             shift, and go to state 9
    FALSE            shift, and go to state 10
    MINUS            shift, and go to state 17
    PLUSx2           shift, and go to state 18
    MINUSx2          shift, and go to state 19
    LEFTSB           shift, and go to state 21
    LEFTPARENTHESIS  shift, and go to state 22
    DOUBLEDOTx2      shift, and go to state 23
    INTEGER          shift, and go to state 24
    REAL             shift, and go to state 25

    $default  reduce using rule 61 (elist)

    expr        go to state 65
    term        go to state 29
    assignexpr  go to state 30
    lvalue      go to state 31
    tableitem   go to state 32
    call        go to state 33
    primary     go to state 34
    elist       go to state 175
    tablemake   go to state 35
    const       go to state 39


State 158

   15 expr: expr . PLUS expr
   16     | expr . MINUS expr
   17     | expr . MUL expr
   18     | expr . DIVIDE expr
   19     | expr . MODULO expr
   20     | expr . GT expr
   21     | expr . GE expr
   22     | expr . LT expr
   23     | expr . LE expr
   24     | expr . EQ expr
   25     | expr . NE expr
   26     | expr . AND M expr
   26     | expr AND M expr .
   27     | expr . OR M expr

    DIVIDE  shift, and go to state 77
    PLUS    shift, and go to state 78
    MINUS   shift, and go to state 79
    MUL     shift, and go to state 80
    MODULO  shift, and go to state 81
    EQ      shift, and go to state 82
    NE      shift, and go to state 83
    GT      shift, and go to state 84
    LT      shift, and go to state 85
    GE      shift, and go to state 86
    LE      shift, and go to state 87

    $default  reduce using rule 26 (expr)


State 159

   15 expr: expr . PLUS expr
   16     | expr . MINUS expr
   17     | expr . MUL expr
   18     | expr . DIVIDE expr
   19     | expr . MODULO expr
   20     | expr . GT expr
   21     | expr . GE expr
   22     | expr . LT expr
   23     | expr . LE expr
   24     | expr . EQ expr
   25     | expr . NE expr
   26     | expr . AND M expr
   27     | expr . OR M expr
   27     | expr OR M expr .

    DIVIDE  shift, and go to state 77
    PLUS    shift, and go to state 78
    MINUS   shift, and go to state 79
    MUL     shift, and go to state 80
    MODULO  shift, and go to state 81
    EQ      shift, and go to state 82
    NE      shift, and go to state 83
    GT      shift, and go to state 84
    LT      shift, and go to state 85
    GE      shift, and go to state 86
    LE      shift, and go to state 87

    $default  reduce using rule 27 (expr)


State 160

   58 methodcall: DOTx2 ID LEFTPARENTHESIS . elist RIGHTPARENTHESIS

    NOT              shift, and go to state 4
    ID               shift, and go to state 5
    LOCAL            shift, and go to state 6
    STRING           shift, and go to state 7
    NIL              shift, and go to state 8
    TRUE             shift, and go to state 9
    FALSE            shift, and go to state 10
    MINUS            shift, and go to state 17
    PLUSx2           shift, and go to state 18
    MINUSx2          shift, and go to state 19
    LEFTSB           shift, and go to state 21
    LEFTPARENTHESIS  shift, and go to state 22
    DOUBLEDOTx2      shift, and go to state 23
    INTEGER          shift, and go to state 24
    REAL             shift, and go to state 25

    $default  reduce using rule 61 (elist)

    expr        go to state 65
    term        go to state 29
    assignexpr  go to state 30
    lvalue      go to state 31
    tableitem   go to state 32
    call        go to state 33
    primary     go to state 34
    elist       go to state 176
    tablemake   go to state 35
    const       go to state 39


State 161

   15 expr: expr . PLUS expr
   16     | expr . MINUS expr
   17     | expr . MUL expr
   18     | expr . DIVIDE expr
   19     | expr . MODULO expr
   20     | expr . GT expr
   21     | expr . GE expr
   22     | expr . LT expr
   23     | expr . LE expr
   24     | expr . EQ expr
   25     | expr . NE expr
   26     | expr . AND M expr
   27     | expr . OR M expr
   38 assignexpr: lvalue ASSIGN $@1 expr .

    AND     shift, and go to state 74
    OR      shift, and go to state 75
    DIVIDE  shift, and go to state 77
    PLUS    shift, and go to state 78
    MINUS   shift, and go to state 79
    MUL     shift, and go to state 80
    MODULO  shift, and go to state 81
    EQ      shift, and go to state 82
    NE      shift, and go to state 83
    GT      shift, and go to state 84
    LT      shift, and go to state 85
    GE      shift, and go to state 86
    LE      shift, and go to state 87

    $default  reduce using rule 38 (assignexpr)


State 162

   44 tableitem: lvalue LEFTSB expr RIGHTSB .

    $default  reduce using rule 44 (tableitem)


State 163

   57 normcall: LEFTPARENTHESIS elist RIGHTPARENTHESIS .

    $default  reduce using rule 57 (normcall)


State 164

   46 tableitem: call LEFTSB expr RIGHTSB .

    $default  reduce using rule 46 (tableitem)


State 165

   47 call: call LEFTPARENTHESIS elist RIGHTPARENTHESIS .

    $default  reduce using rule 47 (call)


State 166

   87 idlist: ID .

    $default  reduce using rule 87 (idlist)


State 167

   76 funcargs: LEFTPARENTHESIS $@4 idlist . RIGHTPARENTHESIS
   88 idlist: idlist . COMMA ID

    RIGHTPARENTHESIS  shift, and go to state 177
    COMMA             shift, and go to state 178


State 168

   79 funcbody: funcblockstart block . funcblockend

    $default  reduce using rule 78 (funcblockend)

    funcblockend  go to state 179


State 169

   97 ifstmt: ifprefix $@6 stmt $@7 . elsestmt

    ELSE  shift, and go to state 180

    ELSE      [reduce using rule 94 (elsestmt)]
    $default  reduce using rule 94 (elsestmt)

    else      go to state 181
    elsestmt  go to state 182


State 170

   99 whilecond: LEFTPARENTHESIS expr RIGHTPARENTHESIS .

    $default  reduce using rule 99 (whilecond)


State 171

  104 loopstmt: loopstart $@8 . stmt $@9 loopend

    error            shift, and go to state 1
    BREAK            shift, and go to state 2
    CONTINUE         shift, and go to state 3
    NOT              shift, and go to state 4
    ID               shift, and go to state 5
    LOCAL            shift, and go to state 6
    STRING           shift, and go to state 7
    NIL              shift, and go to state 8
    TRUE             shift, and go to state 9
    FALSE            shift, and go to state 10
    IF               shift, and go to state 11
    WHILE            shift, and go to state 12
    FOR              shift, and go to state 13
    RETURN           shift, and go to state 14
    SEMICOLON        shift, and go to state 15
    FUNCTION         shift, and go to state 16
    MINUS            shift, and go to state 17
    PLUSx2           shift, and go to state 18
    MINUSx2          shift, and go to state 19
    LEFTB            shift, and go to state 20
    LEFTSB           shift, and go to state 21
    LEFTPARENTHESIS  shift, and go to state 22
    DOUBLEDOTx2      shift, and go to state 23
    INTEGER          shift, and go to state 24
    REAL             shift, and go to state 25

    stmt        go to state 183
    expr        go to state 28
    term        go to state 29
    assignexpr  go to state 30
    lvalue      go to state 31
    tableitem   go to state 32
    call        go to state 33
    primary     go to state 34
    tablemake   go to state 35
    block       go to state 36
    funcprefix  go to state 37
    funcdef     go to state 38
    const       go to state 39
    ifprefix    go to state 40
    ifstmt      go to state 41
    whilestart  go to state 42
    whilestmt   go to state 43
    forprefix   go to state 44
    forstmt     go to state 45
    returnstmt  go to state 46


State 172

  109 forstmt: forprefix N elist RIGHTPARENTHESIS . N loopstmt N

    $default  reduce using rule 106 (N)

    N  go to state 184


State 173

  108 forprefix: FOR LEFTPARENTHESIS elist SEMICOLON M . expr SEMICOLON

    NOT              shift, and go to state 4
    ID               shift, and go to state 5
    LOCAL            shift, and go to state 6
    STRING           shift, and go to state 7
    NIL              shift, and go to state 8
    TRUE             shift, and go to state 9
    FALSE            shift, and go to state 10
    MINUS            shift, and go to state 17
    PLUSx2           shift, and go to state 18
    MINUSx2          shift, and go to state 19
    LEFTSB           shift, and go to state 21
    LEFTPARENTHESIS  shift, and go to state 22
    DOUBLEDOTx2      shift, and go to state 23
    INTEGER          shift, and go to state 24
    REAL             shift, and go to state 25

    expr        go to state 185
    term        go to state 29
    assignexpr  go to state 30
    lvalue      go to state 31
    tableitem   go to state 32
    call        go to state 33
    primary     go to state 34
    tablemake   go to state 35
    const       go to state 39


State 174

   67 indexedelem: LEFTB expr DOUBLEDOT $@2 . expr RIGHTB

    NOT              shift, and go to state 4
    ID               shift, and go to state 5
    LOCAL            shift, and go to state 6
    STRING           shift, and go to state 7
    NIL              shift, and go to state 8
    TRUE             shift, and go to state 9
    FALSE            shift, and go to state 10
    MINUS            shift, and go to state 17
    PLUSx2           shift, and go to state 18
    MINUSx2          shift, and go to state 19
    LEFTSB           shift, and go to state 21
    LEFTPARENTHESIS  shift, and go to state 22
    DOUBLEDOTx2      shift, and go to state 23
    INTEGER          shift, and go to state 24
    REAL             shift, and go to state 25

    expr        go to state 186
    term        go to state 29
    assignexpr  go to state 30
    lvalue      go to state 31
    tableitem   go to state 32
    call        go to state 33
    primary     go to state 34
    tablemake   go to state 35
    const       go to state 39


State 175

   49 call: LEFTPARENTHESIS funcdef RIGHTPARENTHESIS LEFTPARENTHESIS elist . RIGHTPARENTHESIS
   60 elist: elist . COMMA expr

    RIGHTPARENTHESIS  shift, and go to state 187
    COMMA             shift, and go to state 114


State 176

   58 methodcall: DOTx2 ID LEFTPARENTHESIS elist . RIGHTPARENTHESIS
   60 elist: elist . COMMA expr

    RIGHTPARENTHESIS  shift, and go to state 188
    COMMA             shift, and go to state 114


State 177

   76 funcargs: LEFTPARENTHESIS $@4 idlist RIGHTPARENTHESIS .

    $default  reduce using rule 76 (funcargs)


State 178

   88 idlist: idlist COMMA . ID

    ID  shift, and go to state 189


State 179

   79 funcbody: funcblockstart block funcblockend .

    $default  reduce using rule 79 (funcbody)


State 180

   91 else: ELSE .

    $default  reduce using rule 91 (else)


State 181

   93 elsestmt: else . $@5 stmt

    $default  reduce using rule 92 ($@5)

    $@5  go to state 190


State 182

   97 ifstmt: ifprefix $@6 stmt $@7 elsestmt .

    $default  reduce using rule 97 (ifstmt)


State 183

  104 loopstmt: loopstart $@8 stmt . $@9 loopend

    $default  reduce using rule 103 ($@9)

    $@9  go to state 191


State 184

  109 forstmt: forprefix N elist RIGHTPARENTHESIS N . loopstmt N

    $default  reduce using rule 100 (loopstart)

    loopstart  go to state 145
    loopstmt   go to state 192


State 185

   15 expr: expr . PLUS expr
   16     | expr . MINUS expr
   17     | expr . MUL expr
   18     | expr . DIVIDE expr
   19     | expr . MODULO expr
   20     | expr . GT expr
   21     | expr . GE expr
   22     | expr . LT expr
   23     | expr . LE expr
   24     | expr . EQ expr
   25     | expr . NE expr
   26     | expr . AND M expr
   27     | expr . OR M expr
  108 forprefix: FOR LEFTPARENTHESIS elist SEMICOLON M expr . SEMICOLON

    AND        shift, and go to state 74
    OR         shift, and go to state 75
    SEMICOLON  shift, and go to state 193
    DIVIDE     shift, and go to state 77
    PLUS       shift, and go to state 78
    MINUS      shift, and go to state 79
    MUL        shift, and go to state 80
    MODULO     shift, and go to state 81
    EQ         shift, and go to state 82
    NE         shift, and go to state 83
    GT         shift, and go to state 84
    LT         shift, and go to state 85
    GE         shift, and go to state 86
    LE         shift, and go to state 87


State 186

   15 expr: expr . PLUS expr
   16     | expr . MINUS expr
   17     | expr . MUL expr
   18     | expr . DIVIDE expr
   19     | expr . MODULO expr
   20     | expr . GT expr
   21     | expr . GE expr
   22     | expr . LT expr
   23     | expr . LE expr
   24     | expr . EQ expr
   25     | expr . NE expr
   26     | expr . AND M expr
   27     | expr . OR M expr
   67 indexedelem: LEFTB expr DOUBLEDOT $@2 expr . RIGHTB

    AND     shift, and go to state 74
    OR      shift, and go to state 75
    DIVIDE  shift, and go to state 77
    PLUS    shift, and go to state 78
    MINUS   shift, and go to state 79
    MUL     shift, and go to state 80
    MODULO  shift, and go to state 81
    EQ      shift, and go to state 82
    NE      shift, and go to state 83
    GT      shift, and go to state 84
    LT      shift, and go to state 85
    GE      shift, and go to state 86
    LE      shift, and go to state 87
    RIGHTB  shift, and go to state 194


State 187

   49 call: LEFTPARENTHESIS funcdef RIGHTPARENTHESIS LEFTPARENTHESIS elist RIGHTPARENTHESIS .

    $default  reduce using rule 49 (call)


State 188

   58 methodcall: DOTx2 ID LEFTPARENTHESIS elist RIGHTPARENTHESIS .

    $default  reduce using rule 58 (methodcall)


State 189

   88 idlist: idlist COMMA ID .

    $default  reduce using rule 88 (idlist)


State 190

   93 elsestmt: else $@5 . stmt

    error            shift, and go to state 1
    BREAK            shift, and go to state 2
    CONTINUE         shift, and go to state 3
    NOT              shift, and go to state 4
    ID               shift, and go to state 5
    LOCAL            shift, and go to state 6
    STRING           shift, and go to state 7
    NIL              shift, and go to state 8
    TRUE             shift, and go to state 9
    FALSE            shift, and go to state 10
    IF               shift, and go to state 11
    WHILE            shift, and go to state 12
    FOR              shift, and go to state 13
    RETURN           shift, and go to state 14
    SEMICOLON        shift, and go to state 15
    FUNCTION         shift, and go to state 16
    MINUS            shift, and go to state 17
    PLUSx2           shift, and go to state 18
    MINUSx2          shift, and go to state 19
    LEFTB            shift, and go to state 20
    LEFTSB           shift, and go to state 21
    LEFTPARENTHESIS  shift, and go to state 22
    DOUBLEDOTx2      shift, and go to state 23
    INTEGER          shift, and go to state 24
    REAL             shift, and go to state 25

    stmt        go to state 195
    expr        go to state 28
    term        go to state 29
    assignexpr  go to state 30
    lvalue      go to state 31
    tableitem   go to state 32
    call        go to state 33
    primary     go to state 34
    tablemake   go to state 35
    block       go to state 36
    funcprefix  go to state 37
    funcdef     go to state 38
    const       go to state 39
    ifprefix    go to state 40
    ifstmt      go to state 41
    whilestart  go to state 42
    whilestmt   go to state 43
    forprefix   go to state 44
    forstmt     go to state 45
    returnstmt  go to state 46


State 191

  104 loopstmt: loopstart $@8 stmt $@9 . loopend

    $default  reduce using rule 101 (loopend)

    loopend  go to state 196


State 192

  109 forstmt: forprefix N elist RIGHTPARENTHESIS N loopstmt . N

    $default  reduce using rule 106 (N)

    N  go to state 197


State 193

  108 forprefix: FOR LEFTPARENTHESIS elist SEMICOLON M expr SEMICOLON .

    $default  reduce using rule 108 (forprefix)


State 194

   67 indexedelem: LEFTB expr DOUBLEDOT $@2 expr RIGHTB .

    $default  reduce using rule 67 (indexedelem)


State 195

   93 elsestmt: else $@5 stmt .

    $default  reduce using rule 93 (elsestmt)


State 196

  104 loopstmt: loopstart $@8 stmt $@9 loopend .

    $default  reduce using rule 104 (loopstmt)


State 197

  109 forstmt: forprefix N elist RIGHTPARENTHESIS N loopstmt N .

    $default  reduce using rule 109 (forstmt)
